[00:34:38] [main/INFO]: Loading Minecraft 1.20.1 with Fabric Loader 0.16.13
[00:34:38] [ForkJoinPool-1-worker-2/WARN]: Mod create-better-villagers uses the version 1.2.5.j-Fabric-1.20.1 which isn't compatible with Loader's extended semantic version format (Could not parse version number component 'j'!), SemVer is recommended for reliably evaluating dependencies and prioritizing newer version
[00:34:39] [main/WARN]: Warnings were found!
 - Mod 'Bridging Mod' (bridgingmod) 2.5.1+1.20.1 recommends version 7.1.0 or later of modmenu, which is missing!
	 - You should install version 7.1.0 or later of modmenu for the optimal experience.
 - Mod 'Create Enchantment Industry' (create_enchantment_industry) 1.2.16 recommends version 0.5.1-f-build.1335+mc1.20.1 of mod 'Create' (create), but only the wrong version is present: 0.5.1-j-build.1631+mc1.20.1!
	 - You should install version 0.5.1-f-build.1335+mc1.20.1 of mod 'Create' (create) for the optimal experience.
[00:34:39] [main/INFO]: Loading 207 mods:
	- ae2 15.3.4
	   \-- team_reborn_energy 3.0.0
	- almostunified 1.20.1-0.9.4
	- alternate-current 1.9.0
	- appleskin 2.5.1+mc1.20
	- architectury 9.2.14
	- attributefix 21.0.4
	- balm 7.3.27
	   \-- kuma_api 20.1.10
	- botarium 2.3.4
	   \-- team_reborn_energy 3.0.0
	- bridgingmod 2.5.1+1.20.1
	- chimes 2.0.1
	- chunkloaders 1.2.8+a
	- chunksending 1.20.1-2.8
	- cloth-config 11.1.136
	   \-- cloth-basic-math 0.6.1
	- clumps 12.0.0.4
	- copycats 2.2.2+mc.1.20.1-fabric
	- create 0.5.1-j-build.1631+mc1.20.1
	   |-- com_google_code_findbugs_jsr305 3.0.2
	   |-- flywheel 0.6.11-4
	   |-- milk 1.2.60
	   |    \-- dripstone_fluid_lib 3.0.2
	   |-- porting_lib_accessors 2.3.8+1.20.1
	   |    \-- porting_lib_core 2.3.8+1.20.1
	   |-- porting_lib_base 2.3.8+1.20.1
	   |    |-- porting_lib_attributes 2.3.8+1.20.1
	   |    |-- porting_lib_common 2.3.8+1.20.1
	   |    |-- porting_lib_config 2.3.8+1.20.1
	   |    |-- porting_lib_core 2.3.8+1.20.1
	   |    |-- porting_lib_fluids 2.3.8+1.20.1
	   |    |-- porting_lib_gui_utils 2.3.8+1.20.1
	   |    |-- porting_lib_lazy_registration 2.3.8+1.20.1
	   |    |-- porting_lib_mixin_extensions 2.3.8+1.20.1
	   |    |-- porting_lib_utility 2.3.8+1.20.1
	   |    \-- reach-entity-attributes 2.4.0
	   |-- porting_lib_brewing 2.3.8+1.20.1
	   |    \-- porting_lib_core 2.3.8+1.20.1
	   |-- porting_lib_client_events 2.3.8+1.20.1
	   |    \-- porting_lib_core 2.3.8+1.20.1
	   |-- porting_lib_entity 2.3.8+1.20.1
	   |    |-- porting_lib_core 2.3.8+1.20.1
	   |    \-- porting_lib_mixin_extensions 2.3.8+1.20.1
	   |-- porting_lib_extensions 2.3.8+1.20.1
	   |    |-- porting_lib_attributes 2.3.8+1.20.1
	   |    |-- porting_lib_common 2.3.8+1.20.1
	   |    |-- porting_lib_core 2.3.8+1.20.1
	   |    \-- reach-entity-attributes 2.4.0
	   |-- porting_lib_models 2.3.8+1.20.1
	   |    |-- porting_lib_core 2.3.8+1.20.1
	   |    |-- porting_lib_fluids 2.3.8+1.20.1
	   |    \-- porting_lib_model_loader 2.3.8+1.20.1
	   |-- porting_lib_networking 2.3.8+1.20.1
	   |    \-- porting_lib_core 2.3.8+1.20.1
	   |-- porting_lib_obj_loader 2.3.8+1.20.1
	   |    |-- porting_lib_core 2.3.8+1.20.1
	   |    \-- porting_lib_model_loader 2.3.8+1.20.1
	   |-- porting_lib_tags 3.0
	   |    \-- porting_lib_core 2.3.8+1.20.1
	   |-- porting_lib_tool_actions 2.3.8+1.20.1
	   |    \-- porting_lib_core 2.3.8+1.20.1
	   |-- porting_lib_transfer 2.3.8+1.20.1
	   |    |-- porting_lib_core 2.3.8+1.20.1
	   |    \-- porting_lib_fluids 2.3.8+1.20.1
	   |-- reach-entity-attributes 2.4.0
	   \-- registrate-fabric 1.3.79-MC1.20.1
	        |-- com_google_code_findbugs_jsr305 3.0.2
	        |-- porting_lib_data 2.1.1090+1.20
	        |    \-- porting_lib_gametest 2.1.1090+1.20
	        \-- porting_lib_model_generators 2.1.1090+1.20
	             \-- porting_lib_gametest 2.1.1090+1.20
	- create-better-villagers 1.2.5.j-Fabric-1.20.1
	- create_enchantment_industry 1.2.16
	   \-- create_dragon_lib 1.4.2
	- create_jetpack 4.3.0
	   \-- flightlib 2.1.0
	- create_new_age 1.1.2
	- createaddition 1.2.5
	- createcontraptionterminals 1.1.0
	- creativecore 2.12.33
	   \-- net_minecraftforge_eventbus 6.0.3
	- cupboard 1.20.1-2.7
	- dml-refabricated 0.6.1-BETA+1.20.1
	   |-- dml-refabricated-base 0.6.1-BETA+1.20.1
	   |    |-- ktdatataglib 1.6.7+1.20.1
	   |    \-- libgui 8.1.1+1.20.1
	   |         |-- jankson 6.0.0+j1.2.3
	   |         \-- libninepatch 1.2.0
	   |-- dml-refabricated-modular-armor 0.6.1-BETA+1.20.1
	   |    |-- ktdatataglib 1.6.7+1.20.1
	   |    |-- libgui 8.1.1+1.20.1
	   |    |    |-- jankson 6.0.0+j1.2.3
	   |    |    \-- libninepatch 1.2.0
	   |    \-- playerabilitylib 1.8.0
	   |-- dmlsimulacrum 0.6.1-BETA+1.20.1
	   |    \-- ktdatataglib 1.6.7+1.20.1
	   \-- ktdatataglib 1.6.7+1.20.1
	- elytraslot 6.4.4+1.20.1
	   \-- mixinsquared 0.1.2-beta.6
	- emi 1.1.21+1.20.1+fabric
	- emi_enchanting 0.1.2+1.20.1
	- emi_letsdo_compat 1.6
	- emi_loot 0.7.5+1.20.1+fix1+fabric
	- emi_ores 1.2+1.20.1+fabric
	- extra-mod-integrations 0.4.7+1.20.1
	- fabric-api 0.92.5+1.20.1
	   |-- fabric-api-base 0.4.32+1802ada577
	   |-- fabric-api-lookup-api-v1 1.6.37+1802ada577
	   |-- fabric-biome-api-v1 13.0.14+1802ada577
	   |-- fabric-block-api-v1 1.0.12+1802ada577
	   |-- fabric-block-view-api-v2 1.0.3+924f046a77
	   |-- fabric-blockrenderlayer-v1 1.1.42+1802ada577
	   |-- fabric-client-tags-api-v1 1.1.3+1802ada577
	   |-- fabric-command-api-v1 1.2.35+f71b366f77
	   |-- fabric-command-api-v2 2.2.14+1802ada577
	   |-- fabric-commands-v0 0.2.52+df3654b377
	   |-- fabric-containers-v0 0.1.66+df3654b377
	   |-- fabric-content-registries-v0 4.0.13+1802ada577
	   |-- fabric-convention-tags-v1 1.5.6+1802ada577
	   |-- fabric-crash-report-info-v1 0.2.20+1802ada577
	   |-- fabric-data-attachment-api-v1 1.0.2+de0fd6d177
	   |-- fabric-data-generation-api-v1 12.3.6+1802ada577
	   |-- fabric-dimensions-v1 2.1.55+1802ada577
	   |-- fabric-entity-events-v1 1.6.1+1c78457f77
	   |-- fabric-events-interaction-v0 0.6.4+13a40c6677
	   |-- fabric-events-lifecycle-v0 0.2.64+df3654b377
	   |-- fabric-game-rule-api-v1 1.0.41+1802ada577
	   |-- fabric-item-api-v1 2.1.29+1802ada577
	   |-- fabric-item-group-api-v1 4.0.14+1802ada577
	   |-- fabric-key-binding-api-v1 1.0.38+1802ada577
	   |-- fabric-keybindings-v0 0.2.36+df3654b377
	   |-- fabric-lifecycle-events-v1 2.2.23+1802ada577
	   |-- fabric-loot-api-v2 1.2.3+1802ada577
	   |-- fabric-loot-tables-v1 1.1.47+9e7660c677
	   |-- fabric-message-api-v1 5.1.10+1802ada577
	   |-- fabric-mining-level-api-v1 2.1.52+1802ada577
	   |-- fabric-model-loading-api-v1 1.0.4+1802ada577
	   |-- fabric-models-v0 0.4.3+9386d8a777
	   |-- fabric-networking-api-v1 1.3.13+13a40c6677
	   |-- fabric-networking-v0 0.3.53+df3654b377
	   |-- fabric-object-builder-api-v1 11.1.5+e35120df77
	   |-- fabric-particles-v1 1.1.3+1802ada577
	   |-- fabric-recipe-api-v1 1.0.23+1802ada577
	   |-- fabric-registry-sync-v0 2.3.5+1802ada577
	   |-- fabric-renderer-api-v1 3.2.2+1802ada577
	   |-- fabric-renderer-indigo 1.5.3+85287f9f77
	   |-- fabric-renderer-registries-v1 3.2.47+df3654b377
	   |-- fabric-rendering-data-attachment-v1 0.3.39+92a0d36777
	   |-- fabric-rendering-fluids-v1 3.0.29+1802ada577
	   |-- fabric-rendering-v0 1.1.50+df3654b377
	   |-- fabric-rendering-v1 3.0.9+1802ada577
	   |-- fabric-resource-conditions-api-v1 2.3.9+1802ada577
	   |-- fabric-resource-loader-v0 0.11.12+fb82e9d777
	   |-- fabric-screen-api-v1 2.0.9+1802ada577
	   |-- fabric-screen-handler-api-v1 1.3.32+1802ada577
	   |-- fabric-sound-api-v1 1.0.14+1802ada577
	   |-- fabric-transfer-api-v1 3.3.6+8dd72ea377
	   \-- fabric-transitive-access-wideners-v1 4.3.2+1802ada577
	- fabric-language-kotlin 1.13.2+kotlin.2.1.20
	   |-- org_jetbrains_kotlin_kotlin-reflect 2.1.20
	   |-- org_jetbrains_kotlin_kotlin-stdlib 2.1.20
	   |-- org_jetbrains_kotlin_kotlin-stdlib-jdk7 2.1.20
	   |-- org_jetbrains_kotlin_kotlin-stdlib-jdk8 2.1.20
	   |-- org_jetbrains_kotlinx_atomicfu-jvm 0.27.0
	   |-- org_jetbrains_kotlinx_kotlinx-coroutines-core-jvm 1.10.1
	   |-- org_jetbrains_kotlinx_kotlinx-coroutines-jdk8 1.10.1
	   |-- org_jetbrains_kotlinx_kotlinx-datetime-jvm 0.6.2
	   |-- org_jetbrains_kotlinx_kotlinx-io-bytestring-jvm 0.7.0
	   |-- org_jetbrains_kotlinx_kotlinx-io-core-jvm 0.7.0
	   |-- org_jetbrains_kotlinx_kotlinx-serialization-cbor-jvm 1.8.0
	   |-- org_jetbrains_kotlinx_kotlinx-serialization-core-jvm 1.8.0
	   \-- org_jetbrains_kotlinx_kotlinx-serialization-json-jvm 1.8.0
	- fabricloader 0.16.13
	   \-- mixinextras 0.4.1
	- fabrictailor 2.1.2
	   \-- config2brigadier 1.2.3
	- fakerlib 0.1.4
	- fastboot 1.2-fabric
	- ferritecore 6.0.1
	- forgeconfigapiport 8.0.2
	- ftblibrary 2001.2.9
	- ftbultimine 2001.1.5
	- fzzy_config 0.6.9+1.20.1
	   |-- blue_endless_jankson 1.2.3
	   |-- fabric-permissions-api-v0 0.3.1
	   \-- net_peanuuutz_tomlkt_tomlkt-jvm 0.3.7
	- glitchcore 0.0.1.1
	   |-- com_electronwill_night-config_core 3.6.7
	   |-- com_electronwill_night-config_toml 3.6.7
	   \-- net_jodah_typetools 0.6.3
	- gpumemleakfix 1.20.1-1.8
	- jade 11.12.3+fabric
	- java 17
	- justhammers 20.1.5+mc1.20.1
	- justzoom 2.1.0
	- keybind_fix 1.0.0
	- konkrete 1.8.1
	- leavesbegone 8.0.0
	- lithium 0.11.3
	- lithostitched 1.4
	- logprot 1.20.1-3.5
	- lootintegrations 1.20.1-4.3
	- lootr 0.7.35.85
	- megacells 2.4.6-1.20.1
	- minecraft 1.20.1
	- modernfix 5.21.0+mc1.20.1
	- noisium 2.3.0+mc1.20-1.20.1
	- patchouli 1.20.1-84.1-FABRIC
	   \-- fiber 0.23.0-2
	- powah 5.0.9
	- puzzleslib 8.1.32
	   \-- puzzlesaccessapi 20.1.1
	- railways 1.6.9+fabric-mc1.20.1
	   \-- mm 2.3
	- skinlayers3d 1.7.5
	- smoothchunk 1.20.1-4.1
	- sophisticatedbackpacks 1.20.1-3.21.2.1.81
	- sophisticatedcore 1.20.1-1.0.8.1.119
	   \-- team_reborn_energy 3.0.0
	- spark 1.10.53
	- supermartijn642configlib 1.1.8+a
	- supermartijn642corelib 1.1.18+a
	- techreborn 5.8.8
	   |-- reborncore 5.8.8
	   |    \-- team_reborn_energy 3.0.0
	   \-- team_reborn_energy 3.0.0
	- toms_storage 1.7.0
	- trading_floor 1.1.7+fabric-1.20.1
	- trinkets 3.7.2
	- txnilib 1.0.23
	- visualworkbench 8.0.0
	- waystones 14.1.11
	- wwoo 2.0.0
	- xaerominimap 25.2.0
	- xaeroworldmap 1.39.4
	- yet_another_config_lib_v3 3.6.6+1.20.1-fabric
	   |-- com_twelvemonkeys_common_common-image 3.12.0
	   |-- com_twelvemonkeys_common_common-io 3.12.0
	   |-- com_twelvemonkeys_common_common-lang 3.12.0
	   |-- com_twelvemonkeys_imageio_imageio-core 3.12.0
	   |-- com_twelvemonkeys_imageio_imageio-metadata 3.12.0
	   |-- com_twelvemonkeys_imageio_imageio-webp 3.12.0
	   |-- mixinextras 0.4.1
	   |-- org_quiltmc_parsers_gson 0.2.1
	   \-- org_quiltmc_parsers_json 0.2.1
	- zenith 1.2.4-1.20.1
	   |-- mm 2.3
	   |-- porting_lib_loot 2.3.4+1.20.1
	   \-- porting_lib_model_materials 2.3.4+1.20.1
	- zenith_attributes 0.2.10
	   |-- additionalentityattributes 1.7.6+1.20.1
	   |-- cardinal-components-base 5.2.2
	   |-- cardinal-components-entity 5.2.2
	   |-- playerabilitylib 1.8.0
	   \-- reach-entity-attributes 2.4.0
[00:34:39] [main/INFO]: SpongePowered MIXIN Subsystem Version=0.8.7 Source=file:/workspaces/Test23/servidor_minecraft/libraries/net/fabricmc/sponge-mixin/0.15.4+mixin.0.8.7/sponge-mixin-0.15.4+mixin.0.8.7.jar Service=Knot/Fabric Env=SERVER
[00:34:39] [main/INFO]: Compatibility level set to JAVA_17
[00:34:39] [main/WARN]: Reference map 'emi-letsdo-compat-common-refmap.json' for emi_letsdo_compat-common.mixins.json could not be read. If this is a development environment you can ignore this message
[00:34:39] [main/WARN]: Reference map 'justhammers-common-refmap.json' for justhammers-common.mixins.json could not be read. If this is a development environment you can ignore this message
[00:34:40] [main/INFO]: Loaded configuration file for Lithium: 131 options available, 1 override(s) found
[00:34:40] [main/INFO]: Loaded configuration file for ModernFix 5.21.0+mc1.20.1: 65 options available, 0 override(s) found
[00:34:40] [main/INFO]: Applying Nashorn fix
[00:34:40] [main/WARN]: Reference map 'puzzlesaccessapi.common.refmap.json' for puzzlesaccessapi.common.mixins.json could not be read. If this is a development environment you can ignore this message
[00:34:40] [main/WARN]: Reference map 'puzzlesaccessapi.fabric.refmap.json' for puzzlesaccessapi.fabric.mixins.json could not be read. If this is a development environment you can ignore this message
[00:34:40] [main/WARN]: Reference map 'supermartijn642configlib.mixins.refmap.json' for supermartijn642configlib.mixins.json could not be read. If this is a development environment you can ignore this message
[00:34:40] [main/WARN]: Error loading class: net/minecraft/class_881 (java.lang.ClassNotFoundException: net/minecraft/class_881)
[00:34:40] [main/WARN]: @Mixin target net.minecraft.class_881 was not found porting_lib_base.mixins.json:client.BoatRendererMixin from mod porting_lib_base
[00:34:40] [main/WARN]: Error loading class: net/minecraft/class_525 (java.lang.ClassNotFoundException: net/minecraft/class_525)
[00:34:40] [main/WARN]: @Mixin target net.minecraft.class_525 was not found porting_lib_base.mixins.json:client.CreateWorldScreenMixin from mod porting_lib_base
[00:34:40] [main/WARN]: Error loading class: net/minecraft/class_906 (java.lang.ClassNotFoundException: net/minecraft/class_906)
[00:34:40] [main/WARN]: @Mixin target net.minecraft.class_906 was not found porting_lib_tool_actions.mixins.json:FishingHookRendererMixin from mod porting_lib_tool_actions
[00:34:40] [main/WARN]: Error loading class: link/infra/indium/renderer/helper/GeometryHelper (java.lang.ClassNotFoundException: link/infra/indium/renderer/helper/GeometryHelper)
[00:34:40] [main/WARN]: Error loading class: net/fabricmc/fabric/impl/client/indigo/renderer/helper/GeometryHelper (java.lang.ClassNotFoundException: net/fabricmc/fabric/impl/client/indigo/renderer/helper/GeometryHelper)
[00:34:40] [main/WARN]: Error loading class: me/jellysquid/mods/lithium/common/ai/pathing/PathNodeDefaults (java.lang.ClassNotFoundException: me/jellysquid/mods/lithium/common/ai/pathing/PathNodeDefaults)
[00:34:40] [main/WARN]: Force-disabling mixin 'alloc.blockstate.StateMixin' as rule 'mixin.alloc.blockstate' (added by mods [ferritecore]) disables it and children
[00:34:41] [main/WARN]: Error loading class: net/minecraft/class_465 (java.lang.ClassNotFoundException: net/minecraft/class_465)
[00:34:41] [main/WARN]: @Mixin target net.minecraft.class_465 was not found zenith.mixins.json:AbstractContainerScreenAccessor from mod zenith
[00:34:41] [main/WARN]: Error loading class: net/minecraft/class_332 (java.lang.ClassNotFoundException: net/minecraft/class_332)
[00:34:41] [main/WARN]: @Mixin target net.minecraft.class_332 was not found zenith.mixins.json:GuiGraphicsAccessor from mod zenith
[00:34:41] [main/WARN]: Error loading class: net/minecraft/class_8002 (java.lang.ClassNotFoundException: net/minecraft/class_8002)
[00:34:41] [main/WARN]: @Mixin target net.minecraft.class_8002 was not found zenith.mixins.json:TooltipRenderUtilAccessor from mod zenith
[00:34:41] [main/WARN]: Error loading class: net/fabricmc/fabric/api/client/rendering/v1/EntityModelLayerRegistry$TexturedModelDataProvider (java.lang.ClassNotFoundException: net/fabricmc/fabric/api/client/rendering/v1/EntityModelLayerRegistry$TexturedModelDataProvider)
[00:34:41] [main/INFO]: Initializing MixinExtras via com.llamalad7.mixinextras.service.MixinExtrasServiceImpl(version=0.4.1).
[00:34:44] [main/INFO]: Injecting BlockStateBase cache population hook into getNeighborPathNodeType from me.jellysquid.mods.lithium.mixin.ai.pathing.AbstractBlockStateMixin
[00:34:44] [main/INFO]: Injecting BlockStateBase cache population hook into getPathNodeType from me.jellysquid.mods.lithium.mixin.ai.pathing.AbstractBlockStateMixin
[00:34:44] [main/INFO]: Injecting BlockStateBase cache population hook into getAllFlags from me.jellysquid.mods.lithium.mixin.util.block_tracking.AbstractBlockStateMixin
[00:34:46] [main/WARN]: Method overwrite conflict for method_21740 in modernfix-common.mixins.json:perf.remove_biome_temperature_cache.BiomeMixin from mod modernfix, previously written by me.jellysquid.mods.lithium.mixin.world.temperature_cache.BiomeMixin. Skipping method.
[00:34:47] [main/INFO]: Vanilla bootstrap took 4621 milliseconds
[00:34:47] [main/INFO]: Loaded config for: cupboard.json
[00:34:47] [main/INFO]: Trying to read 'dml-refabricated/base.json'...
[00:34:47] [main/INFO]: 'dml-refabricated/base.json' was found, loading it..
[00:34:47] [main/INFO]: Successfully loaded config 'dml-refabricated/base.json'
[00:34:47] [main/INFO]: Trying to read 'dml-refabricated/modular-armor.json'...
[00:34:47] [main/INFO]: 'dml-refabricated/modular-armor.json' was found, loading it..
[00:34:47] [main/INFO]: Successfully loaded config 'dml-refabricated/modular-armor.json'
[00:34:47] [main/INFO]: Trying to read 'dml-refabricated/simulacrum.json'...
[00:34:47] [main/INFO]: 'dml-refabricated/simulacrum.json' was found, loading it..
[00:34:47] [main/INFO]: Successfully loaded config 'dml-refabricated/simulacrum.json'
[00:34:48] [main/INFO]: Config loaded
[00:34:48] [main/INFO]: Loaded config for: chunksending.json
[00:34:48] [main/INFO]: chunksending mod initialized
[00:34:48] [main/INFO]: Loaded C2B lib.
[00:34:50] [main/INFO]: Registering Advancements for: Create: Trading Floor
[00:34:50] [main/INFO]: Registering Villagers create-better-villagers
[00:34:50] [main/INFO]: Hello Fabric world!
[00:34:50] [main/INFO]: Create: Dragon Lib Create Dragon Lib has initialized, ready to support your Create add-ons!
[00:34:50] [main/INFO]: CEI: hyper_experience_orb got converted to hyper_experience_orb
[00:34:50] [main/INFO]: CEI: hyper_experience_bottle got converted to hyper_experience_bottle
[00:34:50] [main/INFO]: Hello 1.20.1 Create!
[00:34:50] [main/WARN]: Tried to register an overly high cookTime: 57600 > 32767! (air)
[00:34:50] [main/INFO]: [STDOUT]: Create Crafts & Additions Initialized!
[00:34:50] [main/INFO]: Create Contraption Terminals starting
[00:34:50] [main/INFO]: Deep Mob Learning: Refabricated is good to go
[00:34:51] [main/INFO]: Loaded config :emi_loot_config in 374ms
[00:34:51] [main/INFO]: Look at the cleanse, look at the moves!
[00:34:51] [Placebo (FakerLib) Patreon Wing Loader/INFO]: Loading patreon wing data...
[00:34:51] [Placebo (FakerLib) Patreon Trail Loader/INFO]: Loading patreon trails data...
[00:34:51] [main/INFO]: Registering C2S receiver with id ftblibrary:edit_nbt_response
[00:34:51] [main/INFO]: Registering C2S receiver with id ftbultimine:key_pressed
[00:34:51] [main/INFO]: Registering C2S receiver with id ftbultimine:mode_changed
[00:34:51] [main/INFO]: Registering C2S receiver with id ftbultimine:sync_config_to_server
[00:34:51] [main/WARN]: [JUST ZOOM] Disabling 'Just Zoom' since it's a client-side mod and current environment is server!
[00:34:51] [main/INFO]: [KONKRETE] Successfully initialized!
[00:34:51] [main/INFO]: [KONKRETE] Server-side libs ready to use!
[00:34:51] [main/INFO]: Constructing common components for leavesbegone:main
[00:34:51] [Placebo (FakerLib) Patreon Wing Loader/INFO]: Loaded 25 patreon wings.
[00:34:51] [Placebo (FakerLib) Patreon Trail Loader/INFO]: Loaded 33 patreon trails.
[00:34:51] [main/INFO]: Shields up!
[00:34:51] [main/INFO]: Definitely not up to no good
[00:34:51] [main/INFO]: Loading Noisium.
[00:34:52] [main/INFO]: Registering C2S receiver with id powah:packet
[00:34:52] [main/INFO]: Constructing common components for puzzleslib:main
[00:34:52] [main/INFO]: Steam 'n' Rails v1.6.9 initializing! Commit hash: 1219c3f788bf8add5c41073bcf9326c5815c2818 on Create version: 0.5.1j on platform: Fabric
[00:34:52] [main/INFO]: Registered bogey styles from railways
[00:34:52] [main/INFO]: Registering data fixers
[00:34:52] [main/INFO]: Bypassed Mojang DFU
[00:34:52] [main/INFO]: Instantiating Mojang DFU
[00:34:53] [main/INFO]: 0 Datafixer optimizations took 0 milliseconds
[00:34:53] [main/INFO]: Registering tracks for Hex Casting
[00:34:53] [main/INFO]: Registering tracks for Oh The Biomes You'll Go
[00:34:53] [main/INFO]: Registering tracks for Blue Skies
[00:34:53] [main/INFO]: Registering tracks for Twilight Forest
[00:34:53] [main/INFO]: Registering tracks for Biomes O' Plenty
[00:34:53] [main/INFO]: Registering tracks for Nature's Spirit
[00:34:53] [main/INFO]: Registering tracks for Dreams and Desires
[00:34:53] [main/INFO]: Registering tracks for Quark
[00:34:53] [main/INFO]: Registering tracks for TerraFirmaCraft
[00:34:53] [main/WARN]: Method overwrite conflict for getRolls in emi_loot.mixins.json:LootPoolAccessor from mod emi_loot, previously written by net.fabricmc.fabric.mixin.loot.table.LootPoolMixin. Skipping method.
[00:34:53] [main/INFO]: TechReborn setup done!
[00:34:53] [main/INFO]: Tom's Storage Setup starting
[00:34:53] [main/INFO]: Create: Trading Floor initializing! Create version: 0.5.1f on platform: Fabric
[00:34:53] [main/INFO]: Registering all Create: Trading Floor entries
[00:34:53] [main/INFO]: Registering Particle Emitters for: Create: Trading Floor
[00:34:53] [main/INFO]: Finished Initialisation For Mod: trading_floor
[00:34:53] [main/INFO]: [STDOUT]: TxniLib onInitialize!
[00:34:53] [main/INFO]: Constructing common components for visualworkbench:main
[00:34:54] [main/INFO]: Initialised items.
[00:34:54] [main/INFO]: Initialised blocks.
[00:34:54] [main/INFO]: Initialised block entities.
[00:34:54] [main/INFO]: Loading Xaero's Minimap - Stage 1/2 (Server)
[00:34:54] [main/INFO]: Loading Xaero's World Map - Stage 1/2 (Server)
[00:34:54] [main/INFO]: Environment: authHost='https://authserver.mojang.com', accountsHost='https://api.mojang.com', sessionHost='https://sessionserver.mojang.com', servicesHost='https://api.minecraftservices.com', name='PROD'
[00:34:56] [main/WARN]: Adding createaddition:shocking to saved/remote registry.
[00:34:56] [main/WARN]: Adding dml-refabricated:depth_strider to saved/remote registry.
[00:34:56] [main/WARN]: Adding dml-refabricated:underwater_haste to saved/remote registry.
[00:34:56] [main/INFO]: [fabric-registry-sync] Loaded registry data [file 1/4]
[00:34:56] [Worker-Main-3/WARN]: The following tags are invalid and will be ignored: [c:diamond_rods, c:emerald_ingots, c:gold_storage_blocks, c:raw_netherite_ores, c:raw_aluminum_ores, c:raw_fluorite_storage_blocks, c:raw_aluminum_blocks, c:cobalt_plates, c:raw_uranium_blocks, c:lumium_blocks, c:constantan_plates, c:amber_nuggets, c:tin_rods, c:aeternium_gears, c:raw_electrum_ores, c:graphite_ores, c:osmium_wires, c:uranium_dusts, c:ruby_raw_materials, c:apatite_raw_materials, c:lead_gears, c:raw_sulfur_storage_blocks, c:enderium_gems, c:constantan_ingots, c:zinc_wires, c:iridium_rods, c:aeternium_gems, c:iridium_raw_materials, c:elementium_dusts, c:cinnabar_rods, c:lumium_gears, c:aluminum_rods, c:raw_charcoal_blocks, c:signalum_ores, c:raw_ruby_blocks, c:sapphire_gems, c:raw_obsidian_storage_blocks, c:steel_raw_materials, c:bitumen_gems, c:coal_nuggets, c:lead_gems, c:chrome_raw_materials, c:obsidian_ingots, c:uranium_blocks, c:bitumen_nuggets, c:diamond_wires, c:lapis_raw_materials, c:bronze_raw_materials, c:cobalt_ingots, c:aeternium_ingots, c:bitumen_ingots, c:cinnabar_blocks, c:mithril_blocks, c:bitumen_gears, c:raw_potassium_nitrate_blocks, c:elementium_gears, c:raw_sapphire_ores, c:bitumen_plates, c:netherite_wires, c:signalum_gears, c:invar_rods, c:diamond_gems, c:emerald_rods, c:raw_potassium_nitrate_ores, c:charcoal_blocks, c:aluminum_wires, c:invar_wires, c:raw_elementium_storage_blocks, c:brass_gems, c:tin_gems, c:charcoal_wires, c:platinum_storage_blocks, c:obsidian_gems, c:aeternium_plates, c:raw_emerald_storage_blocks, c:netherite_plates, c:apatite_storage_blocks, c:elementium_wires, c:raw_bronze_storage_blocks, c:coal_coke_wires, c:constantan_gears, c:zinc_raw_materials, c:iridium_gems, c:raw_lead_storage_blocks, c:chrome_gems, c:sulfur_storage_blocks, c:raw_electrum_storage_blocks, c:fluorite_storage_blocks, c:raw_diamond_blocks, c:raw_sulfur_ores, c:raw_cinnabar_storage_blocks, c:raw_graphite_storage_blocks, c:aluminum_gems, c:platinum_gems, c:uranium_gems, c:raw_constantan_blocks, c:aluminum_raw_materials, c:cinnabar_gems, c:graphite_blocks, c:raw_sapphire_blocks, c:lead_rods, c:raw_bronze_ores, c:coal_coke_blocks, c:raw_fluorite_blocks, c:raw_enderium_ores, c:raw_enderium_blocks, c:silver_gears, c:raw_fluorite_ores, c:iron_storage_blocks, c:sulfur_blocks, c:obsidian_storage_blocks, c:bronze_gems, c:coal_gems, c:ruby_gems, c:bitumen_rods, c:signalum_blocks, c:raw_nickel_blocks, c:ruby_storage_blocks, c:tungsten_wires, c:raw_chrome_ores, c:osmium_raw_materials, c:osmium_blocks, c:sulfur_gems, c:potassium_nitrate_ores, c:raw_copper_storage_blocks, c:aeternium_storage_blocks, c:lapis_nuggets, c:raw_electrum_blocks, c:potassium_nitrate_gears, c:uranium_gears, c:amber_storage_blocks, c:raw_lapis_ores, c:tungsten_raw_materials, c:obsidian_rods, c:electrum_storage_blocks, c:peridot_ingots, c:netherite_raw_materials, c:aeternium_wires, c:fluorite_ingots, c:sulfur_raw_materials, c:raw_brass_blocks, c:raw_coal_coke_storage_blocks, c:bronze_rods, c:lead_wires, c:sulfur_ingots, c:apatite_blocks, c:graphite_storage_blocks, c:netherite_dusts, c:raw_peridot_blocks, c:elementium_raw_materials, c:raw_coal_coke_blocks, c:electrum_gems, c:lapis_ingots, c:signalum_dusts, c:amber_ingots, c:copper_gears, c:raw_peridot_ores, c:coal_coke_nuggets, c:osmium_gears, c:uranium_ores, c:signalum_nuggets, c:graphite_raw_materials, c:iron_gems, c:osmium_nuggets, c:zinc_storage_blocks, c:chrome_nuggets, c:raw_tungsten_storage_blocks, c:lumium_gems, c:osmium_gems, c:raw_zinc_storage_blocks, c:coal_coke_dusts, c:brass_raw_materials, c:coal_rods, c:raw_lapis_blocks, c:zinc_rods, c:cobalt_dusts, c:signalum_plates, c:amber_blocks, c:silver_gems, c:lapis_dusts, c:bronze_gears, c:raw_apatite_storage_blocks, c:raw_steel_blocks, c:sapphire_storage_blocks, c:emerald_storage_blocks, c:enderium_gears, c:apatite_nuggets, c:coal_raw_materials, c:fluorite_rods, c:electrum_gears, c:ruby_gears, c:charcoal_raw_materials, c:sulfur_plates, c:raw_steel_storage_blocks, c:coal_coke_gears, c:invar_raw_materials, c:potassium_nitrate_blocks, c:nickel_ores, c:lumium_plates, c:cobalt_rods, c:signalum_ingots, c:charcoal_ores, c:sulfur_rods, c:emerald_raw_materials, c:cobalt_raw_materials, c:apatite_ores, c:coal_coke_ores, c:enderium_nuggets, c:chrome_plates, c:iridium_storage_blocks, c:elementium_ores, c:platinum_ores, c:amber_dusts, c:brass_storage_blocks, c:raw_chrome_storage_blocks, c:bitumen_dusts, c:aeternium_raw_materials, c:netherite_ores, c:tin_wires, c:sapphire_ingots, c:ruby_rods, c:silver_rods, c:elementium_plates, c:gold_dusts, c:platinum_wires, c:cobalt_storage_blocks, c:diamond_ingots, c:lumium_raw_materials, c:ruby_ingots, c:potassium_nitrate_wires, c:raw_bronze_blocks, c:peridot_nuggets, c:lapis_storage_blocks, c:raw_lumium_storage_blocks, c:raw_uranium_storage_blocks, c:enderium_rods, c:aeternium_ores, c:raw_chrome_blocks, c:raw_aeternium_storage_blocks, c:lead_raw_materials, c:graphite_wires, c:raw_signalum_ores, c:raw_obsidian_ores, c:fluorite_plates, c:raw_potassium_nitrate_storage_blocks, c:potassium_nitrate_nuggets, c:lumium_rods, c:chrome_ingots, c:sapphire_rods, c:coal_ingots, c:bronze_wires, c:ruby_wires, c:fluorite_gems, c:uranium_storage_blocks, c:aeternium_nuggets, c:platinum_raw_materials, c:raw_charcoal_storage_blocks, c:elementium_ingots, c:brass_wires, c:raw_signalum_blocks, c:iridium_gears, c:coal_gears, c:sulfur_nuggets, c:silver_dusts, c:constantan_rods, c:netherite_gears, c:emerald_gems, c:uranium_raw_materials, c:lumium_wires, c:chrome_ores, c:osmium_rods, c:amber_ores, c:raw_platinum_storage_blocks, c:enderium_wires, c:peridot_rods, c:lumium_nuggets, c:charcoal_gems, c:potassium_nitrate_gems, c:peridot_wires, c:raw_lumium_blocks, c:raw_osmium_storage_blocks, c:silver_storage_blocks, c:raw_obsidian_blocks, c:tin_dusts, c:iridium_wires, c:mithril_ores, c:copper_wires, c:aluminum_ores, c:raw_constantan_ores, c:iron_dusts, c:raw_bitumen_storage_blocks, c:apatite_dusts, c:constantan_storage_blocks, c:raw_aluminum_storage_blocks, c:amber_gears, c:diamond_storage_blocks, c:raw_elementium_ores, c:raw_coal_ores, c:raw_invar_storage_blocks, c:raw_graphite_ores, c:charcoal_ingots, c:raw_uranium_ores, c:nickel_storage_blocks, c:gold_gears, c:apatite_rods, c:sulfur_gears, c:mithril_gears, c:graphite_rods, c:lapis_rods, c:sapphire_gears, c:mithril_raw_materials, c:graphite_gears, c:potassium_nitrate_storage_blocks, c:raw_iridium_storage_blocks, c:charcoal_plates, c:coal_wires, c:coal_coke_raw_materials, c:steel_storage_blocks, c:raw_nickel_storage_blocks, c:enderium_storage_blocks, c:enderium_plates, c:aluminum_gears, c:raw_emerald_blocks, c:coal_coke_storage_blocks, c:enderium_ingots, c:steel_ores, c:raw_bitumen_blocks, c:raw_coal_storage_blocks, c:mithril_dusts, c:fluorite_gears, c:diamond_raw_materials, c:electrum_ores, c:lead_storage_blocks, c:cobalt_gears, c:raw_platinum_blocks, c:constantan_wires, c:apatite_gears, c:enderium_raw_materials, c:signalum_rods, c:aluminum_storage_blocks, c:peridot_raw_materials, c:raw_peridot_storage_blocks, c:enderium_dusts, c:constantan_gems, c:mithril_ingots, c:raw_sulfur_blocks, c:constantan_nuggets, c:raw_amber_ores, c:copper_dusts, c:amber_plates, c:cobalt_nuggets, c:fluorite_dusts, c:raw_aeternium_blocks, c:raw_lumium_ores, c:raw_apatite_blocks, c:lumium_ingots, c:osmium_storage_blocks, c:signalum_storage_blocks, c:bitumen_ores, c:raw_osmium_blocks, c:tin_storage_blocks, c:raw_amber_blocks, c:potassium_nitrate_raw_materials, c:gold_gems, c:nickel_wires, c:raw_iron_storage_blocks, c:fluorite_ores, c:raw_ruby_storage_blocks, c:tin_gears, c:charcoal_rods, c:brass_gears, c:coal_coke_gems, c:elementium_nuggets, c:raw_osmium_ores, c:obsidian_raw_materials, c:potassium_nitrate_rods, c:mithril_nuggets, c:raw_ruby_ores, c:invar_ores, c:cobalt_blocks, c:mithril_plates, c:tungsten_gems, c:raw_netherite_storage_blocks, c:apatite_gems, c:cobalt_gems, c:tungsten_storage_blocks, c:aeternium_blocks, c:bitumen_blocks, c:raw_sapphire_storage_blocks, c:lapis_gems, c:zinc_gears, c:zinc_gems, c:potassium_nitrate_ingots, c:chrome_dusts, c:raw_amber_storage_blocks, c:cinnabar_ingots, c:sulfur_wires, c:sapphire_nuggets, c:iron_gears, c:uranium_ingots, c:sapphire_wires, c:cinnabar_plates, c:graphite_gems, c:bitumen_storage_blocks, c:raw_diamond_storage_blocks, c:raw_silver_storage_blocks, c:platinum_gears, c:iridium_dusts, c:obsidian_blocks, c:copper_storage_blocks, c:potassium_nitrate_plates, c:uranium_plates, c:signalum_gems, c:cobalt_ores, c:signalum_raw_materials, c:elementium_storage_blocks, c:amber_wires, c:fluorite_wires, c:ruby_nuggets, c:coal_coke_plates, c:emerald_gears, c:invar_gems, c:mithril_wires, c:raw_mithril_ores, c:raw_coal_coke_ores, c:cinnabar_storage_blocks, c:cinnabar_nuggets, c:amber_gems, c:raw_tin_storage_blocks, c:gold_wires, c:copper_gems, c:obsidian_wires, c:raw_brass_storage_blocks, c:bitumen_wires, c:cobalt_wires, c:raw_signalum_storage_blocks, c:chrome_storage_blocks, c:raw_brass_ores, c:fluorite_nuggets, c:peridot_gears, c:nickel_rods, c:coal_coke_ingots, c:raw_cobalt_storage_blocks, c:raw_cobalt_ores, c:chrome_rods, c:diamond_gears, c:lapis_gears, c:uranium_rods, c:bitumen_raw_materials, c:mithril_gems, c:bronze_storage_blocks, c:silver_wires, c:obsidian_ores, c:graphite_dusts, c:steel_gems, c:mithril_storage_blocks, c:chrome_wires, c:raw_cobalt_blocks, c:elementium_gems, c:graphite_ingots, c:chrome_blocks, c:charcoal_storage_blocks, c:tungsten_gears, c:sapphire_raw_materials, c:peridot_storage_blocks, c:raw_emerald_ores, c:elementium_blocks, c:tungsten_rods, c:constantan_blocks, c:lumium_dusts, c:raw_invar_blocks, c:cinnabar_wires, c:tungsten_dusts, c:osmium_plates, c:osmium_ingots, c:raw_aeternium_ores, c:raw_coal_blocks, c:raw_diamond_ores, c:netherite_gems, c:brass_ores, c:electrum_raw_materials, c:cinnabar_raw_materials, c:raw_apatite_ores, c:enderium_ores, c:raw_nickel_ores, c:graphite_plates, c:raw_mithril_storage_blocks, c:raw_platinum_ores, c:aeternium_rods, c:lead_dusts, c:steel_wires, c:invar_storage_blocks, c:raw_gold_storage_blocks, c:apatite_ingots, c:silver_raw_materials, c:iron_wires, c:charcoal_gears, c:raw_cinnabar_ores, c:raw_cinnabar_blocks, c:osmium_dusts, c:steel_gears, c:raw_elementium_blocks, c:raw_netherite_blocks, c:lumium_ores, c:raw_graphite_blocks, c:amber_rods, c:invar_gears, c:apatite_wires, c:lumium_storage_blocks, c:uranium_wires, c:tin_raw_materials, c:constantan_ores, c:nickel_gems, c:sulfur_ores, c:raw_bitumen_ores, c:signalum_wires, c:chrome_gears, c:constantan_raw_materials, c:fluorite_blocks, c:aeternium_dusts, c:steel_rods, c:osmium_ores, c:raw_invar_ores, c:cinnabar_gears, c:fluorite_raw_materials, c:netherite_storage_blocks, c:nickel_raw_materials, c:uranium_nuggets, c:platinum_rods, c:constantan_dusts, c:mithril_rods, c:apatite_plates, c:obsidian_gears, c:raw_steel_ores, c:netherite_rods, c:coal_coke_rods, c:elementium_rods, c:coal_storage_blocks, c:raw_charcoal_ores, c:obsidian_nuggets, c:potassium_nitrate_dusts, c:charcoal_nuggets, c:bronze_ores, c:raw_constantan_storage_blocks, c:graphite_nuggets, c:amber_raw_materials, c:raw_lapis_storage_blocks, c:lapis_wires, c:raw_enderium_storage_blocks, c:enderium_blocks, c:nickel_gears, c:raw_mithril_blocks, c:emerald_wires]
[00:34:57] [main/INFO]: parsing loot tables
[00:34:57] [main/INFO]: finished parsing loot tables
[00:34:57] [main/WARN]: Recipe count: 6860
[00:34:57] [main/WARN]: Item 'minecraft:raw_copper' has multiple preferred tags '[c:raw_copper_ores, c:copper_raw_materials]' for recipe replacement. This needs to be manually fixed by the user.
[00:34:57] [main/WARN]: Item 'minecraft:raw_gold' has multiple preferred tags '[c:gold_raw_materials, c:raw_gold_ores]' for recipe replacement. This needs to be manually fixed by the user.
[00:34:57] [main/WARN]: Item 'minecraft:raw_iron' has multiple preferred tags '[c:raw_iron_ores, c:iron_raw_materials]' for recipe replacement. This needs to be manually fixed by the user.
[00:34:58] [main/WARN]: Recipe count afterwards: 6838 (done in 443.9 ms)
[00:34:58] [main/WARN]: Your custom createaddition:charging/exposed_cut_copper recipe (createaddition:charging/exposed_cut_copper) specified a duration. Durations have no impact on this type of recipe.
[00:34:58] [main/WARN]: Your custom createaddition:rolling/electrum_ingot recipe (createaddition:rolling/electrum_ingot) specified a duration. Durations have no impact on this type of recipe.
[00:34:58] [main/WARN]: Your custom createaddition:charging/exposed_cut_copper_slab recipe (createaddition:charging/exposed_cut_copper_slab) specified a duration. Durations have no impact on this type of recipe.
[00:34:58] [main/WARN]: Your custom createaddition:charging/weathered_copper_shingles recipe (createaddition:charging/weathered_copper_shingles) specified a duration. Durations have no impact on this type of recipe.
[00:34:58] [main/WARN]: Your custom createaddition:charging/weathered_copper_shingle_stairs recipe (createaddition:charging/weathered_copper_shingle_stairs) specified a duration. Durations have no impact on this type of recipe.
[00:34:58] [main/WARN]: Your custom createaddition:charging/exposed_copper recipe (createaddition:charging/exposed_copper) specified a duration. Durations have no impact on this type of recipe.
[00:34:58] [main/ERROR]: Parsing error loading recipe createaddition:compat/immersiveengineering/item_application/reinforced_blast_brick
com.google.gson.JsonSyntaxException: Unknown item 'immersiveengineering:blastbrick'
	at net.minecraft.class_1869.method_17878(class_1869.java:272) ~[server-intermediary.jar:?]
	at java.util.Optional.orElseThrow(Optional.java:403) ~[?:?]
	at net.minecraft.class_1869.method_8155(class_1869.java:272) ~[server-intermediary.jar:?]
	at net.minecraft.class_1856.method_8107(class_1856.java:160) ~[server-intermediary.jar:?]
	at net.minecraft.class_1856.method_8102(class_1856.java:143) ~[server-intermediary.jar:?]
	at net.minecraft.class_1856.method_52177(class_1856.java:135) ~[server-intermediary.jar:?]
	at com.simibubi.create.content.processing.recipe.ProcessingRecipeSerializer.readFromJson(ProcessingRecipeSerializer.java:66) ~[create-fabric-0.5.1-j-build.1631+mc1.20.1.jar:?]
	at com.simibubi.create.content.processing.recipe.ProcessingRecipeSerializer.fromJson(ProcessingRecipeSerializer.java:154) ~[create-fabric-0.5.1-j-build.1631+mc1.20.1.jar:?]
	at com.simibubi.create.content.processing.recipe.ProcessingRecipeSerializer.method_8121(ProcessingRecipeSerializer.java:21) ~[create-fabric-0.5.1-j-build.1631+mc1.20.1.jar:?]
	at net.minecraft.class_1863.method_17720(class_1863.java:135) ~[server-intermediary.jar:?]
	at net.minecraft.class_1863.method_20705(class_1863.java:56) ~[server-intermediary.jar:?]
	at net.minecraft.class_1863.method_18788(class_1863.java:35) ~[server-intermediary.jar:?]
	at net.minecraft.class_4080.method_18790(class_4080.java:13) ~[server-intermediary.jar:?]
	at java.util.concurrent.CompletableFuture$UniAccept.tryFire(CompletableFuture.java:718) ~[?:?]
	at java.util.concurrent.CompletableFuture$Completion.run(CompletableFuture.java:482) ~[?:?]
	at net.minecraft.class_4014.method_18365(class_4014.java:69) ~[server-intermediary.jar:?]
	at net.minecraft.class_156.method_43498(class_156.java:950) ~[server-intermediary.jar:?]
	at net.minecraft.class_156.method_43499(class_156.java:938) ~[server-intermediary.jar:?]
	at net.minecraft.server.Main.main(Main.java:160) ~[server-intermediary.jar:?]
	at net.fabricmc.loader.impl.game.minecraft.MinecraftGameProvider.launch(MinecraftGameProvider.java:480) ~[fabric-loader-0.16.13.jar:?]
	at net.fabricmc.loader.impl.launch.knot.Knot.launch(Knot.java:74) ~[fabric-loader-0.16.13.jar:?]
	at net.fabricmc.loader.impl.launch.knot.KnotServer.main(KnotServer.java:23) ~[fabric-loader-0.16.13.jar:?]
	at net.fabricmc.loader.impl.launch.server.FabricServerLauncher.main(FabricServerLauncher.java:69) ~[fabric-loader-0.16.13.jar:?]
	at net.fabricmc.installer.ServerLauncher.main(ServerLauncher.java:69) ~[fabric-server-launch.jar:1.0.1]
[00:34:58] [main/WARN]: Your custom createaddition:rolling/brass_ingot recipe (createaddition:rolling/brass_ingot) specified a duration. Durations have no impact on this type of recipe.
[00:34:58] [main/WARN]: Your custom createaddition:charging/copper_shingle_stairs recipe (createaddition:charging/copper_shingle_stairs) specified a duration. Durations have no impact on this type of recipe.
[00:34:58] [main/WARN]: Your custom createaddition:rolling/iron_ingot recipe (createaddition:rolling/iron_ingot) specified a duration. Durations have no impact on this type of recipe.
[00:34:58] [main/WARN]: Your custom createaddition:charging/copper_shingles recipe (createaddition:charging/copper_shingles) specified a duration. Durations have no impact on this type of recipe.
[00:34:58] [main/WARN]: Your custom createaddition:charging/copper_block recipe (createaddition:charging/copper_block) specified a duration. Durations have no impact on this type of recipe.
[00:34:58] [main/WARN]: Your custom createaddition:rolling/copper_ingot recipe (createaddition:rolling/copper_ingot) specified a duration. Durations have no impact on this type of recipe.
[00:34:58] [main/WARN]: Your custom createaddition:rolling/gold_ingot recipe (createaddition:rolling/gold_ingot) specified a duration. Durations have no impact on this type of recipe.
[00:34:58] [main/WARN]: Your custom createaddition:rolling/straw recipe (createaddition:rolling/straw) specified a duration. Durations have no impact on this type of recipe.
[00:34:58] [main/WARN]: Your custom createaddition:charging/weathered_copper recipe (createaddition:charging/weathered_copper) specified a duration. Durations have no impact on this type of recipe.
[00:34:58] [main/WARN]: Your custom createaddition:charging/exposed_copper_shingle_stairs recipe (createaddition:charging/exposed_copper_shingle_stairs) specified a duration. Durations have no impact on this type of recipe.
[00:34:58] [main/WARN]: Your custom createaddition:charging/cut_copper_block recipe (createaddition:charging/cut_copper_block) specified a duration. Durations have no impact on this type of recipe.
[00:34:58] [main/WARN]: Your custom createaddition:charging/channeling recipe (createaddition:charging/channeling) specified a duration. Durations have no impact on this type of recipe.
[00:34:58] [main/WARN]: Your custom createaddition:charging/cut_copper_slab recipe (createaddition:charging/cut_copper_slab) specified a duration. Durations have no impact on this type of recipe.
[00:34:58] [main/WARN]: Your custom createaddition:charging/weathered_cut_copper_stairs recipe (createaddition:charging/weathered_cut_copper_stairs) specified a duration. Durations have no impact on this type of recipe.
[00:34:58] [main/ERROR]: Parsing error loading recipe createaddition:compat/immersiveengineering/item_application/leaded_concrete
com.google.gson.JsonSyntaxException: Unknown item 'immersiveengineering:concrete'
	at net.minecraft.class_1869.method_17878(class_1869.java:272) ~[server-intermediary.jar:?]
	at java.util.Optional.orElseThrow(Optional.java:403) ~[?:?]
	at net.minecraft.class_1869.method_8155(class_1869.java:272) ~[server-intermediary.jar:?]
	at net.minecraft.class_1856.method_8107(class_1856.java:160) ~[server-intermediary.jar:?]
	at net.minecraft.class_1856.method_8102(class_1856.java:143) ~[server-intermediary.jar:?]
	at net.minecraft.class_1856.method_52177(class_1856.java:135) ~[server-intermediary.jar:?]
	at com.simibubi.create.content.processing.recipe.ProcessingRecipeSerializer.readFromJson(ProcessingRecipeSerializer.java:66) ~[create-fabric-0.5.1-j-build.1631+mc1.20.1.jar:?]
	at com.simibubi.create.content.processing.recipe.ProcessingRecipeSerializer.fromJson(ProcessingRecipeSerializer.java:154) ~[create-fabric-0.5.1-j-build.1631+mc1.20.1.jar:?]
	at com.simibubi.create.content.processing.recipe.ProcessingRecipeSerializer.method_8121(ProcessingRecipeSerializer.java:21) ~[create-fabric-0.5.1-j-build.1631+mc1.20.1.jar:?]
	at net.minecraft.class_1863.method_17720(class_1863.java:135) ~[server-intermediary.jar:?]
	at net.minecraft.class_1863.method_20705(class_1863.java:56) ~[server-intermediary.jar:?]
	at net.minecraft.class_1863.method_18788(class_1863.java:35) ~[server-intermediary.jar:?]
	at net.minecraft.class_4080.method_18790(class_4080.java:13) ~[server-intermediary.jar:?]
	at java.util.concurrent.CompletableFuture$UniAccept.tryFire(CompletableFuture.java:718) ~[?:?]
	at java.util.concurrent.CompletableFuture$Completion.run(CompletableFuture.java:482) ~[?:?]
	at net.minecraft.class_4014.method_18365(class_4014.java:69) ~[server-intermediary.jar:?]
	at net.minecraft.class_156.method_43498(class_156.java:950) ~[server-intermediary.jar:?]
	at net.minecraft.class_156.method_43499(class_156.java:938) ~[server-intermediary.jar:?]
	at net.minecraft.server.Main.main(Main.java:160) ~[server-intermediary.jar:?]
	at net.fabricmc.loader.impl.game.minecraft.MinecraftGameProvider.launch(MinecraftGameProvider.java:480) ~[fabric-loader-0.16.13.jar:?]
	at net.fabricmc.loader.impl.launch.knot.Knot.launch(Knot.java:74) ~[fabric-loader-0.16.13.jar:?]
	at net.fabricmc.loader.impl.launch.knot.KnotServer.main(KnotServer.java:23) ~[fabric-loader-0.16.13.jar:?]
	at net.fabricmc.loader.impl.launch.server.FabricServerLauncher.main(FabricServerLauncher.java:69) ~[fabric-loader-0.16.13.jar:?]
	at net.fabricmc.installer.ServerLauncher.main(ServerLauncher.java:69) ~[fabric-server-launch.jar:1.0.1]
[00:34:58] [main/WARN]: Your custom createaddition:compat/ae2/charged_certus_quartz recipe (createaddition:compat/ae2/charged_certus_quartz) specified a duration. Durations have no impact on this type of recipe.
[00:34:58] [main/WARN]: Your custom createaddition:charging/exposed_cut_copper_stairs recipe (createaddition:charging/exposed_cut_copper_stairs) specified a duration. Durations have no impact on this type of recipe.
[00:34:58] [main/WARN]: Your custom createaddition:rolling/electrum_plate recipe (createaddition:rolling/electrum_plate) specified a duration. Durations have no impact on this type of recipe.
[00:34:58] [main/WARN]: Your custom createaddition:charging/exposed_copper_shingles recipe (createaddition:charging/exposed_copper_shingles) specified a duration. Durations have no impact on this type of recipe.
[00:34:58] [main/WARN]: Your custom createaddition:charging/weathered_cut_copper recipe (createaddition:charging/weathered_cut_copper) specified a duration. Durations have no impact on this type of recipe.
[00:34:58] [main/WARN]: Your custom createaddition:charging/cut_copper_stairs recipe (createaddition:charging/cut_copper_stairs) specified a duration. Durations have no impact on this type of recipe.
[00:34:58] [main/WARN]: Your custom createaddition:charging/copper_shingle_slab recipe (createaddition:charging/copper_shingle_slab) specified a duration. Durations have no impact on this type of recipe.
[00:34:58] [main/WARN]: Your custom createaddition:charging/weathered_cut_copper_slab recipe (createaddition:charging/weathered_cut_copper_slab) specified a duration. Durations have no impact on this type of recipe.
[00:34:58] [main/WARN]: Your custom createaddition:rolling/copper_plate recipe (createaddition:rolling/copper_plate) specified a duration. Durations have no impact on this type of recipe.
[00:34:58] [main/WARN]: Your custom createaddition:rolling/iron_plate recipe (createaddition:rolling/iron_plate) specified a duration. Durations have no impact on this type of recipe.
[00:34:58] [main/WARN]: Your custom createaddition:charging/weathered_copper_shingle_slab recipe (createaddition:charging/weathered_copper_shingle_slab) specified a duration. Durations have no impact on this type of recipe.
[00:34:58] [main/WARN]: Your custom createaddition:charging/exposed_copper_shingle_slab recipe (createaddition:charging/exposed_copper_shingle_slab) specified a duration. Durations have no impact on this type of recipe.
[00:34:58] [main/WARN]: Your custom createaddition:rolling/gold_plate recipe (createaddition:rolling/gold_plate) specified a duration. Durations have no impact on this type of recipe.
[00:34:58] [main/INFO]: Loaded 64 recipes
[00:34:58] [main/ERROR]: Parsing error loading custom advancement copycats:recipes/crafting/copycat_slope: Missing criteria, expected to find a JsonObject
[00:34:58] [main/ERROR]: Parsing error loading custom advancement copycats:recipes/crafting/copycat_layer: Missing criteria, expected to find a JsonObject
[00:34:58] [main/ERROR]: Parsing error loading custom advancement copycats:recipes/crafting/copycat_vertical_slope: Missing criteria, expected to find a JsonObject
[00:34:58] [main/ERROR]: Parsing error loading custom advancement copycats:recipes/crafting/copycat_iron_trapdoor: Missing criteria, expected to find a JsonObject
[00:34:58] [main/ERROR]: Parsing error loading custom advancement copycats:recipes/crafting/copycat_vertical_half_layer: Missing criteria, expected to find a JsonObject
[00:34:58] [main/ERROR]: Parsing error loading custom advancement copycats:recipes/crafting/copycat_beam: Missing criteria, expected to find a JsonObject
[00:34:58] [main/ERROR]: Parsing error loading custom advancement copycats:recipes/crafting/copycat_stairs_from_conversion: Missing criteria, expected to find a JsonObject
[00:34:58] [main/ERROR]: Parsing error loading custom advancement copycats:recipes/crafting/copycat_flat_pane: Missing criteria, expected to find a JsonObject
[00:34:58] [main/ERROR]: Parsing error loading custom advancement copycats:recipes/crafting/copycat_step_from_conversion: Missing criteria, expected to find a JsonObject
[00:34:58] [main/ERROR]: Parsing error loading custom advancement copycats:recipes/crafting/copycat_half_panel: Missing criteria, expected to find a JsonObject
[00:34:58] [main/ERROR]: Parsing error loading custom advancement copycats:recipes/crafting/copycat_slice_from_conversion: Missing criteria, expected to find a JsonObject
[00:34:58] [main/ERROR]: Parsing error loading custom advancement copycats:recipes/crafting/copycat_flat_pane_from_conversion: Missing criteria, expected to find a JsonObject
[00:34:58] [main/ERROR]: Parsing error loading custom advancement copycats:recipes/crafting/copycat_slope_from_conversion: Missing criteria, expected to find a JsonObject
[00:34:58] [main/ERROR]: Parsing error loading custom advancement copycats:recipes/crafting/copycat_slab_from_steps: Missing criteria, expected to find a JsonObject
[00:34:58] [main/ERROR]: Parsing error loading custom advancement copycats:recipes/crafting/copycat_panel_from_conversion: Missing criteria, expected to find a JsonObject
[00:34:58] [main/ERROR]: Parsing error loading custom advancement copycats:recipes/crafting/copycat_byte: Missing criteria, expected to find a JsonObject
[00:34:58] [main/ERROR]: Parsing error loading custom advancement copycats:recipes/crafting/copycat_folding_door_from_conversion: Missing criteria, expected to find a JsonObject
[00:34:58] [main/ERROR]: Parsing error loading custom advancement copycats:recipes/crafting/copycat_light_weighted_pressure_plate: Missing criteria, expected to find a JsonObject
[00:34:58] [main/ERROR]: Parsing error loading custom advancement copycats:recipes/crafting/copycat_wooden_button: Missing criteria, expected to find a JsonObject
[00:34:58] [main/ERROR]: Parsing error loading custom advancement copycats:recipes/crafting/copycat_board: Missing criteria, expected to find a JsonObject
[00:34:58] [main/ERROR]: Parsing error loading custom advancement copycats:recipes/crafting/copycat_shaft: Missing criteria, expected to find a JsonObject
[00:34:58] [main/ERROR]: Parsing error loading custom advancement copycats:recipes/crafting/copycat_pane: Missing criteria, expected to find a JsonObject
[00:34:58] [main/ERROR]: Parsing error loading custom advancement copycats:recipes/crafting/copycat_layer_from_half_layers: Missing criteria, expected to find a JsonObject
[00:34:58] [main/ERROR]: Parsing error loading custom advancement copycats:recipes/crafting/copycat_fence: Missing criteria, expected to find a JsonObject
[00:34:58] [main/ERROR]: Parsing error loading custom advancement copycats:recipes/crafting/copycat_vertical_stairs_from_conversion: Missing criteria, expected to find a JsonObject
[00:34:58] [main/ERROR]: Parsing error loading custom advancement copycats:recipes/crafting/copycat_half_layer: Missing criteria, expected to find a JsonObject
[00:34:58] [main/ERROR]: Parsing error loading custom advancement copycats:recipes/crafting/copycat_folding_door: Missing criteria, expected to find a JsonObject
[00:34:58] [main/ERROR]: Parsing error loading custom advancement copycats:recipes/crafting/copycat_block_from_slabs: Missing criteria, expected to find a JsonObject
[00:34:58] [main/ERROR]: Parsing error loading custom advancement copycats:recipes/crafting/copycat_vertical_slope_from_conversion: Missing criteria, expected to find a JsonObject
[00:34:58] [main/ERROR]: Parsing error loading custom advancement copycats:recipes/crafting/copycat_stairs: Missing criteria, expected to find a JsonObject
[00:34:58] [main/ERROR]: Parsing error loading custom advancement copycats:recipes/crafting/copycat_sliding_door: Missing criteria, expected to find a JsonObject
[00:34:58] [main/ERROR]: Parsing error loading custom advancement copycats:recipes/crafting/copycat_iron_door: Missing criteria, expected to find a JsonObject
[00:34:58] [main/ERROR]: Parsing error loading custom advancement copycats:recipes/crafting/copycat_block: Missing criteria, expected to find a JsonObject
[00:34:58] [main/ERROR]: Parsing error loading custom advancement copycats:recipes/crafting/copycat_vertical_step_from_conversion: Missing criteria, expected to find a JsonObject
[00:34:58] [main/ERROR]: Parsing error loading custom advancement copycats:recipes/crafting/copycat_slab: Missing criteria, expected to find a JsonObject
[00:34:58] [main/ERROR]: Parsing error loading custom advancement copycats:recipes/crafting/copycat_ghost_block: Missing criteria, expected to find a JsonObject
[00:34:58] [main/ERROR]: Parsing error loading custom advancement copycats:recipes/crafting/copycat_catwalk: Missing criteria, expected to find a JsonObject
[00:34:58] [main/ERROR]: Parsing error loading custom advancement copycats:recipes/crafting/copycat_stone_pressure_plate: Missing criteria, expected to find a JsonObject
[00:34:58] [main/ERROR]: Parsing error loading custom advancement copycats:recipes/crafting/copycat_byte_panel: Missing criteria, expected to find a JsonObject
[00:34:58] [main/ERROR]: Parsing error loading custom advancement copycats:recipes/crafting/copycat_stacked_half_layer: Missing criteria, expected to find a JsonObject
[00:34:58] [main/ERROR]: Parsing error loading custom advancement copycats:recipes/crafting/copycat_heavy_weighted_pressure_plate: Missing criteria, expected to find a JsonObject
[00:34:58] [main/ERROR]: Parsing error loading custom advancement copycats:recipes/crafting/copycat_stone_button: Missing criteria, expected to find a JsonObject
[00:34:58] [main/ERROR]: Parsing error loading custom advancement copycats:recipes/crafting/copycat_corner_slice: Missing criteria, expected to find a JsonObject
[00:34:58] [main/ERROR]: Parsing error loading custom advancement copycats:recipes/crafting/copycat_door: Missing criteria, expected to find a JsonObject
[00:34:58] [main/ERROR]: Parsing error loading custom advancement copycats:recipes/crafting/copycat_box: Missing criteria, expected to find a JsonObject
[00:34:58] [main/ERROR]: Parsing error loading custom advancement copycats:recipes/crafting/copycat_panel_from_half_panels: Missing criteria, expected to find a JsonObject
[00:34:58] [main/ERROR]: Parsing error loading custom advancement copycats:recipes/crafting/copycat_stacked_half_layer_from_conversion: Missing criteria, expected to find a JsonObject
[00:34:58] [main/ERROR]: Parsing error loading custom advancement copycats:recipes/crafting/copycat_pane_from_conversion: Missing criteria, expected to find a JsonObject
[00:34:58] [main/ERROR]: Parsing error loading custom advancement copycats:recipes/crafting/copycat_half_layer_from_conversion: Missing criteria, expected to find a JsonObject
[00:34:58] [main/ERROR]: Parsing error loading custom advancement copycats:recipes/crafting/copycat_sliding_door_from_conversion: Missing criteria, expected to find a JsonObject
[00:34:58] [main/ERROR]: Parsing error loading custom advancement copycats:recipes/crafting/copycat_slice: Missing criteria, expected to find a JsonObject
[00:34:58] [main/ERROR]: Parsing error loading custom advancement copycats:recipes/crafting/copycat_vertical_stairs: Missing criteria, expected to find a JsonObject
[00:34:58] [main/ERROR]: Parsing error loading custom advancement copycats:recipes/crafting/copycat_wall: Missing criteria, expected to find a JsonObject
[00:34:58] [main/ERROR]: Parsing error loading custom advancement copycats:recipes/crafting/copycat_slab_from_beams: Missing criteria, expected to find a JsonObject
[00:34:58] [main/ERROR]: Parsing error loading custom advancement copycats:recipes/crafting/copycat_vertical_slice: Missing criteria, expected to find a JsonObject
[00:34:58] [main/ERROR]: Parsing error loading custom advancement copycats:recipes/crafting/copycat_trapdoor: Missing criteria, expected to find a JsonObject
[00:34:58] [main/ERROR]: Parsing error loading custom advancement copycats:recipes/crafting/copycat_fence_gate: Missing criteria, expected to find a JsonObject
[00:34:58] [main/ERROR]: Parsing error loading custom advancement copycats:recipes/crafting/copycat_ladder: Missing criteria, expected to find a JsonObject
[00:34:58] [main/ERROR]: Parsing error loading custom advancement copycats:recipes/crafting/copycat_vertical_step: Missing criteria, expected to find a JsonObject
[00:34:58] [main/ERROR]: Parsing error loading custom advancement copycats:recipes/crafting/copycat_trapdoor_from_conversion: Missing criteria, expected to find a JsonObject
[00:34:58] [main/ERROR]: Parsing error loading custom advancement copycats:recipes/crafting/copycat_vertical_slice_from_conversion: Missing criteria, expected to find a JsonObject
[00:34:58] [main/ERROR]: Parsing error loading custom advancement copycats:recipes/crafting/copycat_large_cogwheel: Missing criteria, expected to find a JsonObject
[00:34:58] [main/ERROR]: Parsing error loading custom advancement copycats:recipes/crafting/copycat_vertical_half_layer_from_conversion: Missing criteria, expected to find a JsonObject
[00:34:58] [main/ERROR]: Parsing error loading custom advancement copycats:recipes/crafting/copycat_slab_from_panels: Missing criteria, expected to find a JsonObject
[00:34:58] [main/ERROR]: Parsing error loading custom advancement copycats:recipes/crafting/copycat_wooden_pressure_plate: Missing criteria, expected to find a JsonObject
[00:34:58] [main/ERROR]: Parsing error loading custom advancement copycats:recipes/crafting/copycat_cogwheel: Missing criteria, expected to find a JsonObject
[00:34:58] [main/ERROR]: Parsing error loading custom advancement copycats:recipes/crafting/copycat_fluid_pipe: Missing criteria, expected to find a JsonObject
[00:34:58] [main/ERROR]: Parsing error loading custom advancement copycats:recipes/crafting/copycat_slope_layer: Missing criteria, expected to find a JsonObject
[00:34:58] [main/INFO]: Loaded 5646 advancements
[00:34:58] [main/INFO]: Registered 16 gear_sets.
[00:34:58] [main/INFO]: Registered 6 rarities.
[00:34:58] [main/INFO]: Registered 81 affixes.
[00:34:58] [main/ERROR]: Insufficient number of affixes to satisfy the loot rules (ignoring backup rules) of rarity zenith:mythic for category helmetRequired: 3; Provided: 2
[00:34:58] [main/ERROR]: Insufficient number of affixes to satisfy the loot rules (ignoring backup rules) of rarity zenith:mythic for category bootsRequired: 3; Provided: 2
[00:34:58] [main/ERROR]: Insufficient number of affixes to satisfy the loot rules (ignoring backup rules) of rarity zenith:ancient for category bowRequired: 5; Provided: 4
[00:34:58] [main/ERROR]: Insufficient number of affixes to satisfy the loot rules (ignoring backup rules) of rarity zenith:ancient for category crossbowRequired: 5; Provided: 4
[00:34:58] [main/ERROR]: Insufficient number of affixes to satisfy the loot rules (ignoring backup rules) of rarity zenith:ancient for category pickaxeRequired: 5; Provided: 4
[00:34:58] [main/ERROR]: Insufficient number of affixes to satisfy the loot rules (ignoring backup rules) of rarity zenith:ancient for category shovelRequired: 5; Provided: 4
[00:34:58] [main/ERROR]: Insufficient number of affixes to satisfy the loot rules (ignoring backup rules) of rarity zenith:ancient for category shieldRequired: 5; Provided: 4
[00:34:58] [main/ERROR]: Insufficient number of affixes to satisfy the loot rules (ignoring backup rules) of rarity zenith:ancient for category helmetRequired: 4; Provided: 2
[00:34:58] [main/ERROR]: Insufficient number of affixes to satisfy the loot rules (ignoring backup rules) of rarity zenith:ancient for category bootsRequired: 4; Provided: 2
[00:34:58] [main/INFO]: Registered 19 gems.
[00:34:58] [main/INFO]: Registered 65 affix_loot_entries.
[00:34:58] [main/INFO]: Registered 17 bosses.
[00:34:58] [main/INFO]: Registered 8 rogue_spawners.
[00:34:58] [main/INFO]: Registered 5 minibosses.
[00:34:58] [main/INFO]: Registered 28 wanderer_trades.
[00:34:58] [main/INFO]: Registered 29 enchanting_stats.
[00:34:58] [main/INFO]: Parsing loot modifiers for:lootintegrations:dungeonloot_no_overflow with loottable: minecraft:chests/simple_dungeon
[00:34:59] [main/INFO]: Applied 671 biome modifications to 65 of 65 new biomes in 32.59 ms
[00:34:59] [Server thread/INFO]: Loading server config for leavesbegone
[00:34:59] [Thread-2/INFO]: Reloading server config for leavesbegone
[00:34:59] [Thread-2/INFO]: Reloading server config for leavesbegone
[00:34:59] [Server thread/INFO]: Starting background profiler...
[00:34:59] [Server thread/INFO]: Scanning class appeng.server.testplots.TestPlots for plots
[00:34:59] [Server thread/INFO]: Scanning class appeng.server.testplots.AutoCraftingTestPlots for plots
[00:34:59] [Server thread/INFO]: Scanning class appeng.server.testplots.InscriberTestPlots for plots
[00:34:59] [Server thread/INFO]: Scanning class appeng.server.testplots.P2PTestPlots for plots
[00:34:59] [Server thread/INFO]: Scanning class appeng.server.testplots.ItemP2PTestPlots for plots
[00:34:59] [Server thread/INFO]: Scanning class appeng.server.testplots.MemoryCardTestPlots for plots
[00:34:59] [Server thread/INFO]: Scanning class appeng.server.testplots.PatternProviderLockModePlots for plots
[00:34:59] [Server thread/INFO]: Scanning class appeng.server.testplots.PatternProviderPlots for plots
[00:34:59] [Server thread/INFO]: Scanning class appeng.server.testplots.SpatialTestPlots for plots
[00:34:59] [Server thread/INFO]: Scanning class appeng.server.testplots.QnbTestPlots for plots
[00:34:59] [Server thread/INFO]: Scanning class appeng.server.testplots.GuidebookPlot for plots
[00:34:59] [Server thread/INFO]: Scanning class appeng.server.testplots.SubnetPlots for plots
[00:34:59] [Server thread/INFO]: Scanning class appeng.server.testplots.ChannelTests for plots
[00:34:59] [Server thread/INFO]: Scanning class appeng.server.testplots.AnnihilationPlaneTests for plots
[00:34:59] [Server thread/INFO]: Starting minecraft server version 1.20.1
[00:34:59] [Server thread/INFO]: Loading properties
[00:34:59] [Server thread/INFO]: Default game type: SURVIVAL
[00:34:59] [Server thread/INFO]: Generating keypair
[00:34:59] [Server thread/INFO]: Starting Minecraft server on *:25565
[00:34:59] [Server thread/INFO]: Using epoll channel type
[00:35:00] [Server thread/WARN]: **** SERVER IS RUNNING IN OFFLINE/INSECURE MODE!
[00:35:00] [Server thread/WARN]: The server will make no attempt to authenticate usernames. Beware.
[00:35:00] [Server thread/WARN]: While this makes the game possible to play without internet access, it also opens up the ability for hackers to connect with any username they choose.
[00:35:00] [Server thread/WARN]: To change this, set "online-mode" to "true" in the server.properties file.
[00:35:00] [Server thread/INFO]: Preparing level "world"
[00:35:00] [Server thread/INFO]: Preparing start region for dimension minecraft:overworld
[00:35:00] [Server thread/WARN]: Method overwrite conflict for removeIf in modernfix-common.mixins.json:bugfix.paper_chunk_patches.SortedArraySetMixin from mod modernfix, previously written by me.jellysquid.mods.lithium.mixin.world.chunk_tickets.SortedArraySetMixin. Skipping method.
[00:35:02] [Server thread/INFO]: Preparing spawn area: 0%
[00:35:02] [Server thread/INFO]: Preparing spawn area: 0%
[00:35:02] [Server thread/INFO]: Preparing spawn area: 0%
[00:35:02] [Server thread/INFO]: Preparing spawn area: 0%
[00:35:02] [Server thread/INFO]: Preparing spawn area: 0%
[00:35:03] [Server thread/INFO]: Time elapsed: 2536 ms
[00:35:03] [Server thread/INFO]: Done (3.094s)! For help, type "help"
[00:35:03] [Server thread/WARN]: Dedicated server took 26.009 seconds to load
[00:35:03] [Server thread/INFO]: Loaded config for: lootintegrations.json
[00:35:03] [Server thread/INFO]: Loaded config for: smoothchunk.json
[00:35:03] [Server thread/INFO]: Loaded config for: logprot.json
[00:35:03] [Server thread/INFO]: Start loading plugin from Applied Energistics 2
[00:35:03] [Server thread/INFO]: Start loading plugin from Balm
[00:35:03] [Server thread/INFO]: Start loading plugin from Jade
[00:35:03] [Server thread/INFO]: Start loading plugin from Jade
[00:35:03] [Server thread/INFO]: Start loading plugin from Jade
[00:35:03] [Server thread/INFO]: Start loading plugin from Waystones
[00:35:03] [Server thread/INFO]: Start loading plugin from Zenith
[00:35:03] [Server thread/INFO]: Start loading plugin from Zenith
[00:35:03] [Server thread/INFO]: Start loading plugin from Zenith
[00:35:03] [Server thread/INFO]: (Re-)initialised bulk cell compression.
[00:35:03] [Server thread/INFO]: Loaded values for 74 compatible attributes.
[00:35:03] [Server thread/INFO]: Loaded 74 values from config.
[00:35:03] [Server thread/INFO]: Saving config file. 74 entries.
[00:35:03] [Server thread/INFO]: Applying changes for 74 attributes.
[00:35:03] [Server thread/INFO]: Loading Xaero's Minimap - Stage 2/2 (Server)
[00:35:03] [Server thread/INFO]: Loading Xaero's World Map - Stage 2/2 (Server)
[00:35:57] [Server thread/INFO]: Juanchole10[/10.241.66.33:63077] logged in with entity id 24 at (1263.3428952092595, 74.9375, 1379.300000011921)
[00:35:57] [Server thread/INFO]: Syncing config to Juanchole10 (ac1fe722-2f3c-3b58-a94a-e5d06a7b016d)
[00:35:57] [Server thread/INFO]: Juanchole10 joined the game
[00:40:26] [Server thread/INFO]: [STDOUT]: Finalizing fluid block registration
[00:40:26] [Server thread/INFO]: [STDOUT]: Finalizing energy block registration
[00:45:23] [Server thread/INFO]: elpatomaster[/10.241.215.23:56317] logged in with entity id 1716 at (1263.097773780945, 75.0, 1380.9086502589432)
[00:45:23] [Server thread/INFO]: Syncing config to elpatomaster (417001b8-d984-3840-974c-49ed8300b7bf)
[00:45:23] [Server thread/INFO]: elpatomaster joined the game
[00:54:02] [Server thread/INFO]: elpatomaster has made the advancement [Ice Bucket Challenge]
[00:55:21] [Worker-Main-13/WARN]: Empty height range: [-55 absolute--60 absolute]
[00:55:21] [Worker-Main-13/WARN]: Empty height range: [-55 absolute--60 absolute]
[00:55:21] [Worker-Main-13/WARN]: Empty height range: [-55 absolute--60 absolute]
[00:57:25] [Server thread/WARN]: Tried to load a block entity for block Block{powah:uraninite_ore_poor} but failed at location class_2338{x=1358, y=47, z=2119}
[01:03:12] [Server thread/INFO]: Juanchole10 was slain by Mr. President Zachary
